<?xml version="1.0" encoding="UTF-8"?>
<!-- Generated by org.testng.reporters.JUnitReportReporter -->
<testsuite hostname="LAPTOP-2FTNVRRG" failures="0" tests="1" name="com.qa.avon.base.BaseClass" time="12.892" errors="0" timestamp="2021-01-13T23:21:51 PST" skipped="0">
  <testcase classname="com.qa.avon.base.BaseClass" name="startBrowser" time="12.892"/>
  <system-out/>
</testsuite> <!-- com.qa.avon.base.BaseClass -->
